<?xml version="1.0" encoding="UTF-8"?>
<!-- Generated by org.testng.reporters.JUnitReportReporter -->
<testsuite skipped="0" hostname="Bharats-MacBook-Pro.local" name="com.qa.hubspot.test.HomePageTest" tests="3" failures="0" timestamp="13 May 2019 03:40:57 GMT" time="82.952" errors="0">
  <testcase name="verifyHomePageTitleTest" time="26.692" classname="com.qa.hubspot.test.HomePageTest"/>
  <testcase name="verifyHomePageHeaderTest" time="27.908" classname="com.qa.hubspot.test.HomePageTest"/>
  <testcase name="verifyLoggedInAccountNameTest" time="28.352" classname="com.qa.hubspot.test.HomePageTest"/>
</testsuite> <!-- com.qa.hubspot.test.HomePageTest -->
