<?xml version="1.0" encoding="UTF-8"?>
<!-- Generated by org.testng.reporters.JUnitReportReporter -->
<testsuite skipped="0" hostname="Bharats-MacBook-Pro.local" name="com.qa.hubspot.test.HomePageTest" tests="1" failures="0" timestamp="13 May 2019 04:34:44 GMT" time="35.829" errors="0">
  <testcase name="verifySignOut_test" time="35.829" classname="com.qa.hubspot.test.HomePageTest"/>
</testsuite> <!-- com.qa.hubspot.test.HomePageTest -->
