<?xml version="1.0" encoding="UTF-8"?>
<!-- Generated by org.testng.reporters.JUnitReportReporter -->
<testsuite skipped="0" hostname="Bharats-MBP" name="com.qa.hubspot.test.Contacts_ContactPageTest" tests="5" failures="0" timestamp="09 May 2019 19:10:12 GMT" time="232.271" errors="0">
  <testcase name="createContactsTest" time="45.629" classname="com.qa.hubspot.test.Contacts_ContactPageTest"/>
  <testcase name="createContactsTest" time="44.883" classname="com.qa.hubspot.test.Contacts_ContactPageTest"/>
  <testcase name="createContactsTest" time="44.738" classname="com.qa.hubspot.test.Contacts_ContactPageTest"/>
  <testcase name="createContactsTest" time="51.523" classname="com.qa.hubspot.test.Contacts_ContactPageTest"/>
  <testcase name="createContactsTest" time="45.498" classname="com.qa.hubspot.test.Contacts_ContactPageTest"/>
</testsuite> <!-- com.qa.hubspot.test.Contacts_ContactPageTest -->
