<?xml version="1.0" encoding="UTF-8"?>
<!-- Generated by org.testng.reporters.JUnitReportReporter -->
<testsuite skipped="6" hostname="Bharats-MacBook-Pro.local" name="com.qa.hubspot.test.Contacts_CompaniesPage_Test" tests="7" failures="0" timestamp="13 May 2019 13:01:37 GMT" time="38.732" errors="0">
  <testcase name="verifyCreatecompanyBtn_Test" time="38.732" classname="com.qa.hubspot.test.Contacts_CompaniesPage_Test"/>
  <testcase name="verifySearchInputTextBox_Test" classname="com.qa.hubspot.test.Contacts_CompaniesPage_Test">
    <skipped/>
  </testcase> <!-- verifySearchInputTextBox_Test -->
  <testcase name="verifyHomePageTitle_Test" classname="com.qa.hubspot.test.Contacts_CompaniesPage_Test">
    <skipped/>
  </testcase> <!-- verifyHomePageTitle_Test -->
  <testcase name="CreateComp_addRecord" classname="com.qa.hubspot.test.Contacts_CompaniesPage_Test">
    <skipped/>
  </testcase> <!-- CreateComp_addRecord -->
  <testcase name="verifyActionsButton_Test" classname="com.qa.hubspot.test.Contacts_CompaniesPage_Test">
    <skipped/>
  </testcase> <!-- verifyActionsButton_Test -->
  <testcase name="verifyLoggedInAccountName_Test" classname="com.qa.hubspot.test.Contacts_CompaniesPage_Test">
    <skipped/>
  </testcase> <!-- verifyLoggedInAccountName_Test -->
  <testcase name="verifyHomePageHeader_Test" classname="com.qa.hubspot.test.Contacts_CompaniesPage_Test">
    <skipped/>
  </testcase> <!-- verifyHomePageHeader_Test -->
</testsuite> <!-- com.qa.hubspot.test.Contacts_CompaniesPage_Test -->
