<?xml version="1.0" encoding="UTF-8"?>
<!-- Generated by org.testng.reporters.JUnitReportReporter -->
<testsuite skipped="3" hostname="Bharats-MacBook-Pro.local" name="com.qa.hubspot.test.LoginPageTest" tests="3" failures="0" timestamp="13 May 2019 05:50:34 GMT" time="0.000" errors="0">
  <testcase name="verifyenterWrongEmail" time="0.000" classname="com.qa.hubspot.test.LoginPageTest">
    <skipped/>
  </testcase> <!-- verifyenterWrongEmail -->
  <testcase name="verifyLoginPageTileTest" classname="com.qa.hubspot.test.LoginPageTest">
    <skipped/>
  </testcase> <!-- verifyLoginPageTileTest -->
  <testcase name="verifySignUpLinkTest" classname="com.qa.hubspot.test.LoginPageTest">
    <skipped/>
  </testcase> <!-- verifySignUpLinkTest -->
</testsuite> <!-- com.qa.hubspot.test.LoginPageTest -->
