<?xml version="1.0" encoding="UTF-8"?>
<!-- Generated by org.testng.reporters.JUnitReportReporter -->
<testsuite skipped="5" hostname="Bharats-MacBook-Pro.local" name="com.qa.hubspot.test.Contacts_CompaniesPage_Test" tests="6" failures="0" timestamp="14 May 2019 12:36:14 GMT" time="54.568" errors="0">
  <testcase name="Verify_deleteCompany" time="54.568" classname="com.qa.hubspot.test.Contacts_CompaniesPage_Test"/>
  <testcase name="verifySearchInputTextBox_Test" classname="com.qa.hubspot.test.Contacts_CompaniesPage_Test">
    <skipped/>
  </testcase> <!-- verifySearchInputTextBox_Test -->
  <testcase name="verifyHomePageTitle_Test" classname="com.qa.hubspot.test.Contacts_CompaniesPage_Test">
    <skipped/>
  </testcase> <!-- verifyHomePageTitle_Test -->
  <testcase name="verifyActionsButton_Test" classname="com.qa.hubspot.test.Contacts_CompaniesPage_Test">
    <skipped/>
  </testcase> <!-- verifyActionsButton_Test -->
  <testcase name="verifyLoggedInAccountName_Test" classname="com.qa.hubspot.test.Contacts_CompaniesPage_Test">
    <skipped/>
  </testcase> <!-- verifyLoggedInAccountName_Test -->
  <testcase name="verifyHomePageHeader_Test" classname="com.qa.hubspot.test.Contacts_CompaniesPage_Test">
    <skipped/>
  </testcase> <!-- verifyHomePageHeader_Test -->
</testsuite> <!-- com.qa.hubspot.test.Contacts_CompaniesPage_Test -->
