<?xml version="1.0" encoding="UTF-8"?>
<!-- Generated by org.testng.reporters.JUnitReportReporter -->
<testsuite skipped="5" hostname="Bharats-MacBook-Pro.local" name="com.qa.hubspot.test.LoginPageTest" tests="6" failures="0" timestamp="13 May 2019 10:10:51 GMT" time="28.392" errors="0">
  <testcase name="gamilSignIN_TEST" time="28.392" classname="com.qa.hubspot.test.LoginPageTest"/>
  <testcase name="verifyLoginPageTileTest" classname="com.qa.hubspot.test.LoginPageTest">
    <skipped/>
  </testcase> <!-- verifyLoginPageTileTest -->
  <testcase name="verify_LoginPage_negative_tests" classname="com.qa.hubspot.test.LoginPageTest">
    <skipped/>
  </testcase> <!-- verify_LoginPage_negative_tests -->
  <testcase name="EnterPress_test" classname="com.qa.hubspot.test.LoginPageTest">
    <skipped/>
  </testcase> <!-- EnterPress_test -->
  <testcase name="verifySignUpLinkTest" classname="com.qa.hubspot.test.LoginPageTest">
    <skipped/>
  </testcase> <!-- verifySignUpLinkTest -->
  <testcase name="loginTest" classname="com.qa.hubspot.test.LoginPageTest">
    <skipped/>
  </testcase> <!-- loginTest -->
</testsuite> <!-- com.qa.hubspot.test.LoginPageTest -->
